SELECT
            c_ubicacion.idy_ubica,
            c_ubicacion.cve_almac,
            c_ubicacion.cve_pasillo,
            c_ubicacion.cve_rack,
            c_ubicacion.cve_nivel,
            c_ubicacion.num_ancho,
            c_ubicacion.num_largo,
            c_ubicacion.num_alto,
            c_ubicacion.num_volumenDisp,
            c_ubicacion.`Status`,
            c_ubicacion.picking,
            c_ubicacion.Seccion,
            c_ubicacion.Ubicacion,
            c_ubicacion.orden_secuencia,
            c_ubicacion.PesoMaximo,
            c_ubicacion.PesoOcupado,
            c_ubicacion.claverp,
            c_ubicacion.CodigoCSD,
            c_ubicacion.TECNOLOGIA,
            c_ubicacion.Maneja_Cajas,
            c_ubicacion.Maneja_Piezas,
            c_ubicacion.Reabasto,
            c_ubicacion.Activo,
            c_almacen.cve_almac,
            c_almacen.des_almac
            FROM
            c_ubicacion
            INNER JOIN c_almacen ON c_ubicacion.cve_almac = c_almacen.cve_almac Where c_ubicacion.Ubicacion like '%%' and c_ubicacion.Activo = '1' GROUP BY c_ubicacion.cve_almac LIMIT 10, 10;